Build started 4/29/2014 12:09:37 AM.
     1>Project "G:\Cocos2dx\framework\cocos2d-x-2.2.1\projects\stupidfrog\proj.win32\stupidfrog.vcxproj" on node 2 (Build target(s)).
     1>ClCompile:
         C:\Program Files (x86)\Microsoft Visual Studio 11.0\VC\bin\CL.exe /c /I"G:\Cocos2dx\framework\cocos2d-x-2.2.1\projects\stupidfrog\proj.win32\..\..\..\cocos2dx" /I"G:\Cocos2dx\framework\cocos2d-x-2.2.1\projects\stupidfrog\proj.win32\..\..\..\cocos2dx\include" /I"G:\Cocos2dx\framework\cocos2d-x-2.2.1\projects\stupidfrog\proj.win32\..\..\..\cocos2dx\kazmath\include" /I"G:\Cocos2dx\framework\cocos2d-x-2.2.1\projects\stupidfrog\proj.win32\..\..\..\cocos2dx\platform\win32" /I"G:\Cocos2dx\framework\cocos2d-x-2.2.1\projects\stupidfrog\proj.win32\..\..\..\cocos2dx\platform\third_party\win32" /I"G:\Cocos2dx\framework\cocos2d-x-2.2.1\projects\stupidfrog\proj.win32\..\..\..\cocos2dx\platform\third_party\win32\OGLES" /I"G:\Cocos2dx\framework\cocos2d-x-2.2.1\projects\stupidfrog\proj.win32\..\..\..\external" /I"G:\Cocos2dx\framework\cocos2d-x-2.2.1\projects\stupidfrog\proj.win32\..\..\..\external\chipmunk\include\chipmunk" /I"G:\Cocos2dx\framework\cocos2d-x-2.2.1\projects\stupidfrog\proj.win32\..\..\..\CocosDenshion\include" /I"G:\Cocos2dx\framework\cocos2d-x-2.2.1\projects\stupidfrog\proj.win32\..\..\..\extensions" /I..\Classes /I.. /ZI /nologo /W3 /WX- /Od /Oy- /D WIN32 /D _DEBUG /D _WINDOWS /D _USE_MATH_DEFINES /D GL_GLEXT_PROTOTYPES /D CC_ENABLE_CHIPMUNK_INTEGRATION=1 /D COCOS2D_DEBUG=1 /D _CRT_SECURE_NO_WARNINGS /D _SCL_SECURE_NO_WARNINGS /D _UNICODE /D UNICODE /Gm /EHsc /RTC1 /MDd /GS /fp:precise /Zc:wchar_t /Zc:forScope /Fo"Debug.win32\\" /Fd"Debug.win32\vc110.pdb" /Gd /TP /wd4267 /wd4251 /wd4244 /analyze- /errorReport:prompt Classes\GameLayer.cpp
         GameLayer.cpp
       PreLinkEvent:
         if not exist "G:\Cocos2dx\framework\cocos2d-x-2.2.1\projects\stupidfrog\proj.win32\Debug.win32\" mkdir "G:\Cocos2dx\framework\cocos2d-x-2.2.1\projects\stupidfrog\proj.win32\Debug.win32\"
         xcopy /Y /Q "G:\Cocos2dx\framework\cocos2d-x-2.2.1\projects\stupidfrog\proj.win32\..\..\..\external\libwebsockets\win32\lib\*.*" "G:\Cocos2dx\framework\cocos2d-x-2.2.1\projects\stupidfrog\proj.win32\Debug.win32\"
         :VCEnd
         2 File(s) copied
       Link:
         C:\Program Files (x86)\Microsoft Visual Studio 11.0\VC\bin\link.exe /ERRORREPORT:PROMPT /OUT:"G:\Cocos2dx\framework\cocos2d-x-2.2.1\projects\stupidfrog\proj.win32\Debug.win32\stupidfrog.exe" /INCREMENTAL /NOLOGO /LIBPATH:"G:\Cocos2dx\framework\cocos2d-x-2.2.1\projects\stupidfrog\proj.win32\Debug.win32\\" libExtensions.lib libcocos2d.lib libCocosDenshion.lib opengl32.lib glew32.lib libBox2d.lib libchipmunk.lib libcurl_imp.lib pthreadVCE2.lib websockets.lib kernel32.lib user32.lib gdi32.lib winspool.lib comdlg32.lib advapi32.lib shell32.lib ole32.lib oleaut32.lib uuid.lib odbc32.lib odbccp32.lib /MANIFEST /MANIFESTUAC:"level='asInvoker' uiAccess='false'" /manifest:embed /DEBUG /PDB:"G:\Cocos2dx\framework\cocos2d-x-2.2.1\projects\stupidfrog\proj.win32\Debug.win32\stupidfrog.pdb" /SUBSYSTEM:WINDOWS /TLBID:1 /DYNAMICBASE /NXCOMPAT /IMPLIB:"G:\Cocos2dx\framework\cocos2d-x-2.2.1\projects\stupidfrog\proj.win32\Debug.win32\stupidfrog.lib" /MACHINE:X86 /SAFESEH Debug.win32\AppDelegate.obj
         Debug.win32\BeginScene.obj
         Debug.win32\CCFrog.obj
         Debug.win32\CCLeaf.obj
         Debug.win32\CCParallaxNodeExtras.obj
         Debug.win32\EndScene.obj
         Debug.win32\GameLayer.obj
         Debug.win32\main.obj
         "G:\Cocos2dx\framework\cocos2d-x-2.2.1\projects\stupidfrog\proj.win32\Debug.win32\libcocos2d.lib"
         "G:\Cocos2dx\framework\cocos2d-x-2.2.1\projects\stupidfrog\proj.win32\Debug.win32\libCocosDenshion.lib"
         "G:\Cocos2dx\framework\cocos2d-x-2.2.1\projects\stupidfrog\proj.win32\Debug.win32\libExtensions.lib"
         "G:\Cocos2dx\framework\cocos2d-x-2.2.1\projects\stupidfrog\proj.win32\Debug.win32\libBox2D.lib"
         "G:\Cocos2dx\framework\cocos2d-x-2.2.1\projects\stupidfrog\proj.win32\Debug.win32\libchipmunk.lib"
         stupidfrog.vcxproj -> G:\Cocos2dx\framework\cocos2d-x-2.2.1\projects\stupidfrog\proj.win32\Debug.win32\stupidfrog.exe
     1>Done Building Project "G:\Cocos2dx\framework\cocos2d-x-2.2.1\projects\stupidfrog\proj.win32\stupidfrog.vcxproj" (Build target(s)).

Build succeeded.

Time Elapsed 00:00:06.86
